time="2024-12-10T21:55:31+03:00" level=info msg="Create router" func="main.main()" file="main.go:14"
time="2024-12-10T21:55:31+03:00" level=info msg="Register user handler" func="main.main()" file="main.go:17"
time="2024-12-10T21:55:31+03:00" level=info msg="Start application" func="main.start()" file="main.go:27"
time="2024-12-10T21:55:31+03:00" level=info msg="Server is listening on port 0.0.0.0:1234" func="main.start()" file="main.go:40"
time="2024-12-12T15:21:05+03:00" level=info msg="Create router" func="main.main()" file="main.go:19"
time="2024-12-12T15:21:05+03:00" level=info msg="read application configuration" func="Rest-Api-learning/internal/config.GetConfig.func1()" file="config.go:24"
time="2024-12-12T15:21:05+03:00" level=info msg="Register user handler" func="main.main()" file="main.go:24"
time="2024-12-12T15:21:05+03:00" level=info msg="Start application" func="main.start()" file="main.go:34"
time="2024-12-12T15:21:05+03:00" level=info msg="listen tcp" func="main.start()" file="main.go:51"
time="2024-12-12T15:21:05+03:00" level=info msg="Server is listening  port 0.0.0.0:10000" func="main.start()" file="main.go:65"
time="2024-12-12T15:23:02+03:00" level=info msg="Create router" func="main.main()" file="main.go:19"
time="2024-12-12T15:23:02+03:00" level=info msg="read application configuration" func="Rest-Api-learning/internal/config.GetConfig.func1()" file="config.go:24"
time="2024-12-12T15:23:02+03:00" level=info msg="Register user handler" func="main.main()" file="main.go:24"
time="2024-12-12T15:23:02+03:00" level=info msg="Start application" func="main.start()" file="main.go:34"
time="2024-12-12T15:23:02+03:00" level=info msg="create socket" func="main.start()" file="main.go:44"
time="2024-12-12T15:23:02+03:00" level=debug msg="socket path: C:\\Users\\lobyn\\AppData\\Local\\JetBrains\\GoLand2024.2\\tmp\\GoLand/app.sock" func="main.start()" file="main.go:46"
time="2024-12-12T15:23:02+03:00" level=info msg="listen unix socket" func="main.start()" file="main.go:48"
time="2024-12-12T15:23:02+03:00" level=info msg="Server is listening  port 127.0.0.1:8080" func="main.start()" file="main.go:65"
time="2024-12-12T15:28:24+03:00" level=info msg="Create router" func="main.main()" file="main.go:19"
time="2024-12-12T15:28:24+03:00" level=info msg="read application configuration" func="Rest-Api-learning/internal/config.GetConfig.func1()" file="config.go:24"
time="2024-12-12T15:28:24+03:00" level=info msg="Register user handler" func="main.main()" file="main.go:24"
time="2024-12-12T15:28:24+03:00" level=info msg="Start application" func="main.start()" file="main.go:34"
time="2024-12-12T15:28:24+03:00" level=info msg="detect app path" func="main.start()" file="main.go:40"
time="2024-12-12T15:28:24+03:00" level=info msg="create socket" func="main.start()" file="main.go:45"
time="2024-12-12T15:28:24+03:00" level=info msg="listen unix socket" func="main.start()" file="main.go:48"
time="2024-12-12T15:28:24+03:00" level=info msg="Server is listening unix socket: C:\\Users\\lobyn\\GolandProjects\\Rest-Api-learning\\build/app.sock" func="main.start()" file="main.go:50"
time="2024-12-12T15:32:45+03:00" level=info msg="Create router" func="main.main()" file="main.go:19"
time="2024-12-12T15:32:45+03:00" level=info msg="read application configuration" func="Rest-Api-learning/internal/config.GetConfig.func1()" file="config.go:24"
time="2024-12-12T15:32:45+03:00" level=info msg="Register user handler" func="main.main()" file="main.go:24"
time="2024-12-12T15:32:45+03:00" level=info msg="Start application" func="main.start()" file="main.go:34"
time="2024-12-12T15:32:45+03:00" level=info msg="detect app path" func="main.start()" file="main.go:40"
time="2024-12-12T15:32:45+03:00" level=info msg="create socket" func="main.start()" file="main.go:45"
time="2024-12-12T15:32:45+03:00" level=info msg="listen unix socket" func="main.start()" file="main.go:48"
time="2024-12-12T15:32:45+03:00" level=info msg="Server is listening unix socket: C:\\Users\\lobyn\\GolandProjects\\Rest-Api-learning\\build/app.sock" func="main.start()" file="main.go:50"
time="2024-12-12T15:32:45+03:00" level=fatal msg="listen unix C:\\Users\\lobyn\\GolandProjects\\Rest-Api-learning\\build/app.sock: bind: Only one usage of each socket address (protocol/network address/port) is normally permitted." func="main.start()" file="main.go:58"
time="2024-12-15T17:29:58+03:00" level=info msg="Create router" func="main.main()" file="main.go:22"
time="2024-12-15T17:29:58+03:00" level=info msg="read application configuration" func="Rest-Api-learning/internal/config.GetConfig.func1()" file="config.go:33"
time="2024-12-15T17:30:30+03:00" level=info msg="Create router" func="main.main()" file="main.go:22"
time="2024-12-15T17:30:30+03:00" level=info msg="read application configuration" func="Rest-Api-learning/internal/config.GetConfig.func1()" file="config.go:33"
time="2024-12-15T17:30:37+03:00" level=info msg="Create router" func="main.main()" file="main.go:22"
time="2024-12-15T17:30:37+03:00" level=info msg="read application configuration" func="Rest-Api-learning/internal/config.GetConfig.func1()" file="config.go:33"
time="2024-12-15T17:31:44+03:00" level=info msg="Create router" func="main.main()" file="main.go:22"
time="2024-12-15T17:31:44+03:00" level=info msg="read application configuration" func="Rest-Api-learning/internal/config.GetConfig.func1()" file="config.go:33"
time="2024-12-15T17:34:48+03:00" level=info msg="Create router" func="main.main()" file="main.go:22"
time="2024-12-15T17:34:48+03:00" level=info msg="read application configuration" func="Rest-Api-learning/internal/config.GetConfig.func1()" file="config.go:33"
time="2024-12-15T17:35:23+03:00" level=debug msg="Creating new user" func="Rest-Api-learning/internal/user/db.db.Create()" file="mongodb.go:20"
time="2024-12-15T17:39:42+03:00" level=info msg="Create router" func="main.main()" file="main.go:22"
time="2024-12-15T17:39:42+03:00" level=info msg="read application configuration" func="Rest-Api-learning/internal/config.GetConfig.func1()" file="config.go:33"
time="2024-12-15T17:39:49+03:00" level=debug msg="Creating new user" func="Rest-Api-learning/internal/user/db.db.Create()" file="mongodb.go:20"
time="2024-12-15T17:39:49+03:00" level=debug msg="Convert InsertedID to ObjectId" func="Rest-Api-learning/internal/user/db.db.Create()" file="mongodb.go:25"
time="2024-12-15T17:39:49+03:00" level=trace msg="{ myemail@example.com progdm 12345}" func="Rest-Api-learning/internal/user/db.db.Create()" file="mongodb.go:30"
time="2024-12-15T17:46:19+03:00" level=info msg="Create router" func="main.main()" file="main.go:22"
time="2024-12-15T17:46:19+03:00" level=info msg="read application configuration" func="Rest-Api-learning/internal/config.GetConfig.func1()" file="config.go:33"
time="2024-12-15T17:46:34+03:00" level=debug msg="Creating new user" func="Rest-Api-learning/internal/user/db.db.Create()" file="mongodb.go:20"
time="2024-12-15T17:46:34+03:00" level=debug msg="Convert InsertedID to ObjectId" func="Rest-Api-learning/internal/user/db.db.Create()" file="mongodb.go:25"
time="2024-12-15T17:46:34+03:00" level=trace msg="{ myemail@example.com progdm 12345}" func="Rest-Api-learning/internal/user/db.db.Create()" file="mongodb.go:30"
time="2024-12-15T17:48:35+03:00" level=info msg="Create router" func="main.main()" file="main.go:22"
time="2024-12-15T17:48:35+03:00" level=info msg="read application configuration" func="Rest-Api-learning/internal/config.GetConfig.func1()" file="config.go:33"
time="2024-12-15T17:48:38+03:00" level=debug msg="Creating new user" func="Rest-Api-learning/internal/user/db.db.Create()" file="mongodb.go:20"
time="2024-12-15T17:48:38+03:00" level=debug msg="Convert InsertedID to ObjectId" func="Rest-Api-learning/internal/user/db.db.Create()" file="mongodb.go:25"
time="2024-12-15T17:48:38+03:00" level=trace msg="{ myemail@example.com progdm 12345}" func="Rest-Api-learning/internal/user/db.db.Create()" file="mongodb.go:30"
time="2024-12-15T17:49:44+03:00" level=info msg="Create router" func="main.main()" file="main.go:22"
time="2024-12-15T17:49:44+03:00" level=info msg="read application configuration" func="Rest-Api-learning/internal/config.GetConfig.func1()" file="config.go:33"
time="2024-12-15T17:49:47+03:00" level=debug msg="Creating new user" func="Rest-Api-learning/internal/user/db.db.Create()" file="mongodb.go:20"
time="2024-12-15T17:49:47+03:00" level=debug msg="Convert InsertedID to ObjectId" func="Rest-Api-learning/internal/user/db.db.Create()" file="mongodb.go:25"
time="2024-12-15T17:49:47+03:00" level=trace msg="{ myemail@example.com progdm 12345}" func="Rest-Api-learning/internal/user/db.db.Create()" file="mongodb.go:30"
time="2024-12-15T17:51:34+03:00" level=info msg="Create router" func="main.main()" file="main.go:22"
time="2024-12-15T17:51:34+03:00" level=info msg="read application configuration" func="Rest-Api-learning/internal/config.GetConfig.func1()" file="config.go:33"
time="2024-12-15T17:53:40+03:00" level=debug msg="Creating new user" func="Rest-Api-learning/internal/user/db.db.Create()" file="mongodb.go:20"
time="2024-12-15T17:53:40+03:00" level=debug msg="Convert InsertedID to ObjectId" func="Rest-Api-learning/internal/user/db.db.Create()" file="mongodb.go:25"
time="2024-12-15T17:53:40+03:00" level=trace msg="{ myemail@example.com progdm 12345}" func="Rest-Api-learning/internal/user/db.db.Create()" file="mongodb.go:30"
time="2024-12-15T17:56:59+03:00" level=info msg="Create router" func="main.main()" file="main.go:22"
time="2024-12-15T17:56:59+03:00" level=info msg="read application configuration" func="Rest-Api-learning/internal/config.GetConfig.func1()" file="config.go:33"
time="2024-12-15T17:57:15+03:00" level=debug msg="Creating new user" func="Rest-Api-learning/internal/user/db.db.Create()" file="mongodb.go:20"
time="2024-12-15T17:57:15+03:00" level=debug msg="Convert InsertedID to ObjectId" func="Rest-Api-learning/internal/user/db.db.Create()" file="mongodb.go:25"
time="2024-12-15T17:57:15+03:00" level=trace msg="{ myemail@example.com progdm 12345}" func="Rest-Api-learning/internal/user/db.db.Create()" file="mongodb.go:30"
time="2024-12-15T18:00:20+03:00" level=info msg="Create router" func="main.main()" file="main.go:22"
time="2024-12-15T18:00:20+03:00" level=info msg="read application configuration" func="Rest-Api-learning/internal/config.GetConfig.func1()" file="config.go:33"
time="2024-12-15T18:00:23+03:00" level=debug msg="Creating new user" func="Rest-Api-learning/internal/user/db.db.Create()" file="mongodb.go:20"
time="2024-12-15T18:00:23+03:00" level=debug msg="Convert InsertedID to ObjectId" func="Rest-Api-learning/internal/user/db.db.Create()" file="mongodb.go:25"
time="2024-12-15T18:00:23+03:00" level=trace msg="{ myemail@example.com progdm 12345}" func="Rest-Api-learning/internal/user/db.db.Create()" file="mongodb.go:30"
time="2024-12-15T18:01:05+03:00" level=info msg="Create router" func="main.main()" file="main.go:22"
time="2024-12-15T18:01:05+03:00" level=info msg="read application configuration" func="Rest-Api-learning/internal/config.GetConfig.func1()" file="config.go:33"
time="2024-12-15T18:01:10+03:00" level=debug msg="Creating new user" func="Rest-Api-learning/internal/user/db.db.Create()" file="mongodb.go:20"
time="2024-12-15T18:01:10+03:00" level=debug msg="Convert InsertedID to ObjectId" func="Rest-Api-learning/internal/user/db.db.Create()" file="mongodb.go:25"
time="2024-12-15T18:01:10+03:00" level=trace msg="{ myemail@example.com progdm 12345}" func="Rest-Api-learning/internal/user/db.db.Create()" file="mongodb.go:30"
time="2024-12-15T18:03:38+03:00" level=info msg="Create router" func="main.main()" file="main.go:22"
time="2024-12-15T18:03:38+03:00" level=info msg="read application configuration" func="Rest-Api-learning/internal/config.GetConfig.func1()" file="config.go:33"
time="2024-12-15T18:03:48+03:00" level=debug msg="Creating new user" func="Rest-Api-learning/internal/user/db.db.Create()" file="mongodb.go:20"
time="2024-12-15T18:03:48+03:00" level=debug msg="Convert InsertedID to ObjectId" func="Rest-Api-learning/internal/user/db.db.Create()" file="mongodb.go:25"
time="2024-12-15T18:03:48+03:00" level=trace msg="{ myemail@example.com progdm 12345}" func="Rest-Api-learning/internal/user/db.db.Create()" file="mongodb.go:30"
time="2024-12-15T18:06:20+03:00" level=info msg="Create router" func="main.main()" file="main.go:22"
time="2024-12-15T18:06:20+03:00" level=info msg="read application configuration" func="Rest-Api-learning/internal/config.GetConfig.func1()" file="config.go:33"
time="2024-12-15T18:06:24+03:00" level=debug msg="Creating new user" func="Rest-Api-learning/internal/user/db.db.Create()" file="mongodb.go:20"
time="2024-12-15T18:06:24+03:00" level=debug msg="Convert InsertedID to ObjectId" func="Rest-Api-learning/internal/user/db.db.Create()" file="mongodb.go:25"
time="2024-12-15T18:06:24+03:00" level=trace msg="{ myemail@example.com progdm 12345}" func="Rest-Api-learning/internal/user/db.db.Create()" file="mongodb.go:30"
time="2024-12-15T18:20:59+03:00" level=info msg="Create router" func="main.main()" file="main.go:22"
time="2024-12-15T18:20:59+03:00" level=info msg="read application configuration" func="Rest-Api-learning/internal/config.GetConfig.func1()" file="config.go:33"
time="2024-12-15T18:21:03+03:00" level=debug msg="Creating new user" func="Rest-Api-learning/internal/user/db.db.Create()" file="mongodb.go:20"
time="2024-12-15T18:21:03+03:00" level=debug msg="Convert InsertedID to ObjectId" func="Rest-Api-learning/internal/user/db.db.Create()" file="mongodb.go:25"
time="2024-12-15T18:21:03+03:00" level=trace msg="{ myemail@example.com progdm 12345}" func="Rest-Api-learning/internal/user/db.db.Create()" file="mongodb.go:30"
time="2024-12-15T18:38:59+03:00" level=info msg="Create router" func="main.main()" file="main.go:22"
time="2024-12-15T18:38:59+03:00" level=info msg="read application configuration" func="Rest-Api-learning/internal/config.GetConfig.func1()" file="config.go:33"
time="2024-12-15T18:39:11+03:00" level=debug msg="Creating new user" func="Rest-Api-learning/internal/user/db.db.Create()" file="mongodb.go:20"
time="2024-12-15T18:39:11+03:00" level=debug msg="Convert InsertedID to ObjectId" func="Rest-Api-learning/internal/user/db.db.Create()" file="mongodb.go:25"
time="2024-12-15T18:39:15+03:00" level=info msg=675ef81f06b2e9aaeddd7b1a func="main.main()" file="main.go:46"
time="2024-12-15T18:39:19+03:00" level=info msg="Register user handler" func="main.main()" file="main.go:48"
time="2024-12-15T18:39:21+03:00" level=info msg="Start application" func="main.start()" file="main.go:58"
time="2024-12-15T18:39:21+03:00" level=info msg="detect app path" func="main.start()" file="main.go:64"
time="2024-12-15T18:39:21+03:00" level=info msg="create socket" func="main.start()" file="main.go:69"
time="2024-12-15T18:39:21+03:00" level=info msg="listen unix socket" func="main.start()" file="main.go:72"
time="2024-12-15T18:39:21+03:00" level=info msg="Server is listening unix socket: C:\\Users\\lobyn\\GolandProjects\\Rest-Api-learning\\build/app.sock" func="main.start()" file="main.go:74"
time="2024-12-15T18:39:21+03:00" level=fatal msg="listen unix C:\\Users\\lobyn\\GolandProjects\\Rest-Api-learning\\build/app.sock: bind: Only one usage of each socket address (protocol/network address/port) is normally permitted." func="main.start()" file="main.go:82"
time="2024-12-15T18:46:33+03:00" level=info msg="Create router" func="main.main()" file="main.go:22"
time="2024-12-15T18:46:33+03:00" level=info msg="read application configuration" func="Rest-Api-learning/internal/config.GetConfig.func1()" file="config.go:33"
time="2024-12-15T18:46:39+03:00" level=debug msg="Creating new user" func="Rest-Api-learning/internal/user/db.db.Create()" file="mongodb.go:20"
time="2024-12-15T18:46:39+03:00" level=debug msg="Convert InsertedID to ObjectId" func="Rest-Api-learning/internal/user/db.db.Create()" file="mongodb.go:25"
time="2024-12-15T18:46:39+03:00" level=info msg=675ef9dfe1c0604fcb0b8063 func="main.main()" file="main.go:46"
time="2024-12-15T18:46:41+03:00" level=debug msg="Creating new user" func="Rest-Api-learning/internal/user/db.db.Create()" file="mongodb.go:20"
time="2024-12-15T18:46:41+03:00" level=debug msg="Convert InsertedID to ObjectId" func="Rest-Api-learning/internal/user/db.db.Create()" file="mongodb.go:25"
time="2024-12-15T18:46:43+03:00" level=info msg=675ef9e1e1c0604fcb0b8064 func="main.main()" file="main.go:59"
time="2024-12-15T18:47:56+03:00" level=info msg="Create router" func="main.main()" file="main.go:22"
time="2024-12-15T18:47:56+03:00" level=info msg="read application configuration" func="Rest-Api-learning/internal/config.GetConfig.func1()" file="config.go:33"
time="2024-12-15T18:47:59+03:00" level=debug msg="Creating new user" func="Rest-Api-learning/internal/user/db.db.Create()" file="mongodb.go:20"
time="2024-12-15T18:47:59+03:00" level=debug msg="Convert InsertedID to ObjectId" func="Rest-Api-learning/internal/user/db.db.Create()" file="mongodb.go:25"
time="2024-12-15T18:47:59+03:00" level=info msg=675efa2ffaa3f064d61f7293 func="main.main()" file="main.go:46"
time="2024-12-15T18:48:01+03:00" level=debug msg="Creating new user" func="Rest-Api-learning/internal/user/db.db.Create()" file="mongodb.go:20"
time="2024-12-15T18:48:01+03:00" level=debug msg="Convert InsertedID to ObjectId" func="Rest-Api-learning/internal/user/db.db.Create()" file="mongodb.go:25"
time="2024-12-15T18:48:03+03:00" level=info msg=675efa31faa3f064d61f7294 func="main.main()" file="main.go:59"
time="2024-12-15T18:48:35+03:00" level=trace msg="Matched 1 documents and modified 1 documents" func="Rest-Api-learning/internal/user/db.db.Update()" file="mongodb.go:87"
time="2024-12-15T18:48:41+03:00" level=trace msg="Deleted 1 documents" func="Rest-Api-learning/internal/user/db.db.Delete()" file="mongodb.go:108"
time="2024-12-15T19:05:46+03:00" level=info msg="Create router" func="main.main()" file="main.go:22"
time="2024-12-15T19:05:46+03:00" level=info msg="read application configuration" func="Rest-Api-learning/internal/config.GetConfig.func1()" file="config.go:33"
time="2024-12-15T19:06:42+03:00" level=info msg="Register user handler" func="main.main()" file="main.go:38"
time="2024-12-15T19:06:42+03:00" level=info msg="Start application" func="main.start()" file="main.go:48"
time="2024-12-15T19:06:42+03:00" level=info msg="detect app path" func="main.start()" file="main.go:54"
time="2024-12-15T19:06:42+03:00" level=info msg="create socket" func="main.start()" file="main.go:59"
time="2024-12-15T19:06:42+03:00" level=info msg="listen unix socket" func="main.start()" file="main.go:62"
time="2024-12-15T19:06:42+03:00" level=info msg="Server is listening unix socket: C:\\Users\\lobyn\\GolandProjects\\Rest-Api-learning\\build/app.sock" func="main.start()" file="main.go:64"
time="2024-12-15T19:06:42+03:00" level=fatal msg="listen unix C:\\Users\\lobyn\\GolandProjects\\Rest-Api-learning\\build/app.sock: bind: Only one usage of each socket address (protocol/network address/port) is normally permitted." func="main.start()" file="main.go:72"
time="2024-12-16T12:58:28+03:00" level=info msg="Create router" func="main.main()" file="main.go:22"
time="2024-12-16T12:58:28+03:00" level=info msg="read application configuration" func="Rest-Api-learning/internal/config.GetConfig.func1()" file="config.go:33"
time="2024-12-16T14:15:31+03:00" level=info msg="Create router" func="main.main()" file="main.go:19"
time="2024-12-16T14:15:31+03:00" level=info msg="read application configuration" func="Rest-Api-learning/internal/config.GetConfig.func1()" file="config.go:33"
time="2024-12-16T14:15:31+03:00" level=info msg="Register user handler" func="main.main()" file="main.go:32"
time="2024-12-16T14:15:31+03:00" level=info msg="Start application" func="main.start()" file="main.go:42"
time="2024-12-16T14:15:31+03:00" level=info msg="detect app path" func="main.start()" file="main.go:48"
time="2024-12-16T14:15:31+03:00" level=info msg="create socket" func="main.start()" file="main.go:53"
time="2024-12-16T14:15:31+03:00" level=info msg="listen unix socket" func="main.start()" file="main.go:56"
time="2024-12-16T14:15:31+03:00" level=info msg="Server is listening unix socket: C:\\Users\\lobyn\\GolandProjects\\Rest-Api-learning\\build/app.sock" func="main.start()" file="main.go:58"
time="2024-12-16T14:15:31+03:00" level=fatal msg="listen unix C:\\Users\\lobyn\\GolandProjects\\Rest-Api-learning\\build/app.sock: bind: Only one usage of each socket address (protocol/network address/port) is normally permitted." func="main.start()" file="main.go:66"
time="2024-12-16T14:18:20+03:00" level=info msg="Create router" func="main.main()" file="main.go:19"
time="2024-12-16T14:18:20+03:00" level=info msg="read application configuration" func="Rest-Api-learning/internal/config.GetConfig.func1()" file="config.go:33"
time="2024-12-16T14:18:20+03:00" level=info msg="Register user handler" func="main.main()" file="main.go:32"
time="2024-12-16T14:18:20+03:00" level=info msg="Start application" func="main.start()" file="main.go:42"
time="2024-12-16T14:18:20+03:00" level=info msg="listen tcp" func="main.start()" file="main.go:60"
time="2024-12-16T14:18:20+03:00" level=info msg="Server is listening  port 127.0.0.1:10000" func="main.start()" file="main.go:62"
time="2024-12-16T14:18:39+03:00" level=info msg="Create router" func="main.main()" file="main.go:19"
time="2024-12-16T14:18:39+03:00" level=info msg="read application configuration" func="Rest-Api-learning/internal/config.GetConfig.func1()" file="config.go:33"
time="2024-12-16T14:18:39+03:00" level=info msg="Register user handler" func="main.main()" file="main.go:32"
time="2024-12-16T14:18:39+03:00" level=info msg="Start application" func="main.start()" file="main.go:42"
time="2024-12-16T14:18:39+03:00" level=info msg="listen tcp" func="main.start()" file="main.go:60"
time="2024-12-16T14:18:39+03:00" level=info msg="Server is listening  port 127.0.0.1:1234" func="main.start()" file="main.go:62"
time="2024-12-16T14:21:35+03:00" level=info msg="Create router" func="main.main()" file="main.go:19"
time="2024-12-16T14:21:35+03:00" level=info msg="read application configuration" func="Rest-Api-learning/internal/config.GetConfig.func1()" file="config.go:33"
time="2024-12-16T14:21:35+03:00" level=info msg="Register user handler" func="main.main()" file="main.go:32"
time="2024-12-16T14:21:35+03:00" level=info msg="Start application" func="main.start()" file="main.go:42"
time="2024-12-16T14:21:35+03:00" level=info msg="listen tcp" func="main.start()" file="main.go:60"
time="2024-12-16T14:21:35+03:00" level=info msg="Server is listening  port 127.0.0.1:1234" func="main.start()" file="main.go:62"
time="2024-12-16T14:22:08+03:00" level=info msg="Create router" func="main.main()" file="main.go:19"
time="2024-12-16T14:22:08+03:00" level=info msg="read application configuration" func="Rest-Api-learning/internal/config.GetConfig.func1()" file="config.go:33"
time="2024-12-16T14:22:08+03:00" level=info msg="Register user handler" func="main.main()" file="main.go:32"
time="2024-12-16T14:22:08+03:00" level=info msg="Start application" func="main.start()" file="main.go:42"
time="2024-12-16T14:22:08+03:00" level=info msg="listen tcp" func="main.start()" file="main.go:60"
time="2024-12-16T14:22:08+03:00" level=info msg="Server is listening  port 127.0.0.1:1234" func="main.start()" file="main.go:62"
